2021-07-24 03:10:22 [error]: 	uncaughtException: listen EADDRINUSE: address already in use :::3050
Error: listen EADDRINUSE: address already in use :::3050
    at Server.setupListenHandle [as _listen2] (net.js:1279:14)
    at listenInCluster (net.js:1327:12)
    at Server.listen (net.js:1414:7)
    at Function.listen (C:\workspace\01_gitrepos\zz_others\codeTest\backend\node_modules\express\lib\application.js:618:24)
    at Object.<anonymous> (C:\workspace\01_gitrepos\zz_others\codeTest\backend\index.js:4:5)
    at Module._compile (internal/modules/cjs/loader.js:778:30)
    at Object.Module._extensions..js (internal/modules/cjs/loader.js:789:10)
    at Module.load (internal/modules/cjs/loader.js:653:32)
    at tryModuleLoad (internal/modules/cjs/loader.js:593:12)
    at Function.Module._load (internal/modules/cjs/loader.js:585:3)
    at Function.Module.runMain (internal/modules/cjs/loader.js:831:12)
    at startup (internal/bootstrap/node.js:283:19)
    at bootstrapNodeJSCore (internal/bootstrap/node.js:622:3) {
  "error": {
    "code": "EADDRINUSE",
    "errno": "EADDRINUSE",
    "syscall": "listen",
    "address": "::",
    "port": 3050
  },
  "stack": "Error: listen EADDRINUSE: address already in use :::3050\n    at Server.setupListenHandle [as _listen2] (net.js:1279:14)\n    at listenInCluster (net.js:1327:12)\n    at Server.listen (net.js:1414:7)\n    at Function.listen (C:\\workspace\\01_gitrepos\\zz_others\\codeTest\\backend\\node_modules\\express\\lib\\application.js:618:24)\n    at Object.<anonymous> (C:\\workspace\\01_gitrepos\\zz_others\\codeTest\\backend\\index.js:4:5)\n    at Module._compile (internal/modules/cjs/loader.js:778:30)\n    at Object.Module._extensions..js (internal/modules/cjs/loader.js:789:10)\n    at Module.load (internal/modules/cjs/loader.js:653:32)\n    at tryModuleLoad (internal/modules/cjs/loader.js:593:12)\n    at Function.Module._load (internal/modules/cjs/loader.js:585:3)\n    at Function.Module.runMain (internal/modules/cjs/loader.js:831:12)\n    at startup (internal/bootstrap/node.js:283:19)\n    at bootstrapNodeJSCore (internal/bootstrap/node.js:622:3)",
  "exception": true,
  "date": "Sat Jul 24 2021 11:10:22 GMT+0800 (Singapore Standard Time)",
  "process": {
    "pid": 19668,
    "uid": null,
    "gid": null,
    "cwd": "C:\\workspace\\01_gitrepos\\zz_others\\codeTest\\backend",
    "execPath": "C:\\tools\\common\\nodejsv10.16.3\\node.exe",
    "version": "v10.16.3",
    "argv": [
      "C:\\tools\\common\\nodejsv10.16.3\\node.exe",
      "C:\\workspace\\01_gitrepos\\zz_others\\codeTest\\backend\\index.js"
    ],
    "memoryUsage": {
      "rss": 55554048,
      "heapTotal": 37470208,
      "heapUsed": 22584544,
      "external": 18618251
    }
  },
  "os": {
    "loadavg": [
      0,
      0,
      0
    ],
    "uptime": 169636
  },
  "trace": [
    {
      "column": 14,
      "file": "net.js",
      "function": "Server.setupListenHandle [as _listen2]",
      "line": 1279,
      "method": "setupListenHandle [as _listen2]",
      "native": false
    },
    {
      "column": 12,
      "file": "net.js",
      "function": "listenInCluster",
      "line": 1327,
      "method": null,
      "native": false
    },
    {
      "column": 7,
      "file": "net.js",
      "function": "Server.listen",
      "line": 1414,
      "method": "listen",
      "native": false
    },
    {
      "column": 24,
      "file": "C:\\workspace\\01_gitrepos\\zz_others\\codeTest\\backend\\node_modules\\express\\lib\\application.js",
      "function": "Function.listen",
      "line": 618,
      "method": "listen",
      "native": false
    },
    {
      "column": 5,
      "file": "C:\\workspace\\01_gitrepos\\zz_others\\codeTest\\backend\\index.js",
      "function": null,
      "line": 4,
      "method": null,
      "native": false
    },
    {
      "column": 30,
      "file": "internal/modules/cjs/loader.js",
      "function": "Module._compile",
      "line": 778,
      "method": "_compile",
      "native": false
    },
    {
      "column": 10,
      "file": "internal/modules/cjs/loader.js",
      "function": "Module._extensions..js",
      "line": 789,
      "method": ".js",
      "native": false
    },
    {
      "column": 32,
      "file": "internal/modules/cjs/loader.js",
      "function": "Module.load",
      "line": 653,
      "method": "load",
      "native": false
    },
    {
      "column": 12,
      "file": "internal/modules/cjs/loader.js",
      "function": "tryModuleLoad",
      "line": 593,
      "method": null,
      "native": false
    },
    {
      "column": 3,
      "file": "internal/modules/cjs/loader.js",
      "function": "Module._load",
      "line": 585,
      "method": "_load",
      "native": false
    },
    {
      "column": 12,
      "file": "internal/modules/cjs/loader.js",
      "function": "Module.runMain",
      "line": 831,
      "method": "runMain",
      "native": false
    },
    {
      "column": 19,
      "file": "internal/bootstrap/node.js",
      "function": "startup",
      "line": 283,
      "method": null,
      "native": false
    },
    {
      "column": 3,
      "file": "internal/bootstrap/node.js",
      "function": "bootstrapNodeJSCore",
      "line": 622,
      "method": null,
      "native": false
    }
  ]
}
2021-07-24 03:10:43 [info]: 	Running on port 3000 
2021-07-24 03:11:36 [info]: 	Running on port 3000 
2021-07-24 03:11:56 [info]: 	Running on port 3000 
2021-07-24 03:12:10 [info]: 	Running on port 3000 
2021-07-24 03:14:14 [info]: 	Running on port 3000 
2021-07-24 03:14:47 [info]: 	Running on port 3000 
2021-07-24 03:15:13 [info]: 	Running on port 3000 
2021-07-24 03:18:38 [info]: 	Running on port 3000 
2021-07-24 03:18:57 [info]: 	Running on port 3000 
2021-07-24 03:19:06 [info]: 	Running on port 3000 
2021-07-24 03:19:08 [info]: 	Running on port 3000 
2021-07-24 03:19:33 [info]: 	Running on port 3000 
2021-07-24 03:20:39 [info]: 	Running on port 3000 
2021-07-24 03:20:54 [info]: 	Running on port 3000 
2021-07-24 03:21:53 [info]: 	Running on port 3000 
2021-07-24 03:22:02 [info]: 	Running on port 3000 
2021-07-24 03:22:49 [info]: 	Running on port 3000 
2021-07-24 03:23:01 [info]: 	Running on port 3000 
2021-07-24 03:25:39 [info]: 	Running on port 3000 
2021-07-24 03:26:07 [info]: 	Running on port 3000 
2021-07-24 03:26:32 [info]: 	Running on port 3000 
2021-07-24 03:26:37 [info]: 	Running on port 3000 
2021-07-24 03:26:39 [info]: 	Running on port 3000 
2021-07-24 03:27:25 [info]: 	Running on port 3000 
2021-07-24 03:27:34 [info]: 	Running on port 3000 
2021-07-24 03:28:53 [info]: 	Running on port 3000 
2021-07-24 03:29:18 [info]: 	Running on port 3000 
2021-07-24 03:30:00 [info]: 	Running on port 3000 
2021-07-24 03:30:42 [info]: 	Running on port 3000 
2021-07-24 03:31:04 [info]: 	Running on port 3000 
2021-07-24 03:31:23 [info]: 	Running on port 3000 
2021-07-24 03:31:53 [info]: 	Running on port 3000 
2021-07-24 03:31:56 [info]: 	Running on port 3000 
2021-07-24 03:32:14 [info]: 	Running on port 3000 
2021-07-24 03:35:13 [info]: 	Running on port 3000 
2021-07-24 03:36:39 [info]: 	Running on port 3000 
2021-07-24 03:36:48 [info]: 	Running on port 3000 
2021-07-24 03:37:06 [info]: 	Running on port 3000 
2021-07-24 05:07:02 [info]: 	Running on port 3000 
2021-07-24 05:13:24 [info]: 	Running on port 3000 
2021-07-24 05:15:22 [info]: 	Running on port 3000 
2021-07-24 05:16:26 [info]: 	Running on port 3000 
2021-07-24 05:17:27 [info]: 	Running on port 3000 
2021-07-24 05:18:12 [info]: 	Running on port 3000 
2021-07-24 05:18:36 [info]: 	Running on port 3000 
2021-07-24 05:24:39 [info]: 	Running on port 3000 
2021-07-24 05:34:22 [info]: 	Running on port 3000 
2021-07-24 05:35:45 [info]: 	Running on port 3000 
2021-07-24 05:36:21 [info]: 	Running on port 3000 
2021-07-24 05:36:48 [info]: 	Running on port 3000 
2021-07-24 05:37:14 [info]: 	Running on port 3000 
2021-07-24 05:38:02 [info]: 	Running on port 3000 
2021-07-24 05:39:08 [info]: 	Running on port 3000 
2021-07-24 05:40:21 [info]: 	Running on port 3000 
2021-07-24 05:42:14 [info]: 	Running on port 3000 
2021-07-24 05:42:52 [info]: 	Running on port 3000 
2021-07-24 05:43:26 [info]: 	Running on port 3000 
2021-07-24 05:43:28 [info]: 	Running on port 3000 
2021-07-24 05:43:52 [info]: 	Running on port 3000 
2021-07-24 05:44:17 [info]: 	Running on port 3000 
2021-07-24 05:44:25 [info]: 	Running on port 3000 
2021-07-24 05:44:30 [info]: 	Running on port 3000 
2021-07-24 05:49:56 [info]: 	Running on port 3000 
2021-07-24 05:50:37 [info]: 	Running on port 3000 
2021-07-24 05:51:20 [info]: 	Running on port 3000 
2021-07-24 05:52:31 [info]: 	Running on port 3000 
2021-07-24 05:52:41 [info]: 	Running on port 3000 
2021-07-24 05:53:07 [info]: 	Running on port 3000 
2021-07-24 05:53:43 [info]: 	Running on port 3000 
2021-07-24 05:53:47 [info]: 	Running on port 3000 
2021-07-24 05:54:22 [info]: 	Running on port 3000 
2021-07-24 05:55:46 [info]: 	Running on port 3000 
2021-07-24 05:56:53 [info]: 	Running on port 3000 
2021-07-24 06:00:15 [info]: 	Running on port 3000 
2021-07-24 06:02:12 [info]: 	Running on port 3000 
2021-07-24 06:04:02 [info]: 	Running on port 3000 
2021-07-24 06:05:12 [info]: 	Running on port 3000 
2021-07-24 06:08:32 [info]: 	Running on port 3000 
2021-07-24 06:08:58 [info]: 	Running on port 3000 
2021-07-24 06:09:03 [info]: 	Running on port 3000 
2021-07-24 06:09:46 [info]: 	Running on port 3000 
2021-07-24 06:10:20 [info]: 	Running on port 3000 
2021-07-24 06:10:48 [info]: 	Running on port 3000 
2021-07-24 06:12:12 [info]: 	Running on port 3000 
2021-07-24 06:15:37 [info]: 	Running on port 3000 
2021-07-24 06:18:04 [info]: 	Running on port 3000 
2021-07-24 06:18:12 [info]: 	Running on port 3000 
2021-07-24 06:20:35 [info]: 	Running on port 3000 
2021-07-24 06:20:50 [info]: 	Running on port 3000 
2021-07-24 06:21:20 [info]: 	Running on port 3000 
2021-07-24 06:21:37 [info]: 	Running on port 3000 
2021-07-24 06:22:09 [info]: 	Running on port 3000 
2021-07-24 06:22:35 [info]: 	Running on port 3000 
2021-07-24 06:22:48 [info]: 	Running on port 3000 
2021-07-24 06:22:54 [info]: 	Running on port 3000 
2021-07-24 06:24:16 [info]: 	Running on port 3000 
2021-07-24 06:24:51 [info]: 	Running on port 3000 
2021-07-24 06:25:09 [info]: 	Running on port 3000 
2021-07-24 06:25:34 [info]: 	Running on port 3000 
